[debug] [2020-11-29T04:13:08.362Z] ----------------------------------------------------------------------
[debug] [2020-11-29T04:13:08.364Z] Command:       C:\Program Files\nodejs\node.exe C:\Users\janya\AppData\Roaming\npm\node_modules\firebase-tools\lib\bin\firebase.js deploy
[debug] [2020-11-29T04:13:08.364Z] CLI Version:   8.16.2
[debug] [2020-11-29T04:13:08.364Z] Platform:      win32
[debug] [2020-11-29T04:13:08.364Z] Node Version:  v12.16.0
[debug] [2020-11-29T04:13:08.367Z] Time:          Sun Nov 29 2020 11:13:08 GMT+0700 (Indochina Time)
[debug] [2020-11-29T04:13:08.367Z] ----------------------------------------------------------------------
[debug] [2020-11-29T04:13:08.367Z] 
[debug] [2020-11-29T04:13:08.376Z] > command requires scopes: ["email","openid","https://www.googleapis.com/auth/cloudplatformprojects.readonly","https://www.googleapis.com/auth/firebase","https://www.googleapis.com/auth/cloud-platform"]
[debug] [2020-11-29T04:13:08.377Z] > authorizing via signed-in user
[debug] [2020-11-29T04:13:08.377Z] [iam] checking project yourgreensystem for permissions ["firebase.projects.get","firebasehosting.sites.update"]
[debug] [2020-11-29T04:13:08.380Z] > refreshing access token with scopes: ["email","https://www.googleapis.com/auth/cloud-platform","https://www.googleapis.com/auth/cloudplatformprojects.readonly","https://www.googleapis.com/auth/firebase","openid"]
[debug] [2020-11-29T04:13:08.380Z] >>> HTTP REQUEST POST https://www.googleapis.com/oauth2/v3/token  
 <request body omitted>
[debug] [2020-11-29T04:13:08.653Z] <<< HTTP RESPONSE 200 {"date":"Sun, 29 Nov 2020 04:13:08 GMT","pragma":"no-cache","expires":"Mon, 01 Jan 1990 00:00:00 GMT","cache-control":"no-cache, no-store, max-age=0, must-revalidate","content-type":"application/json; charset=utf-8","vary":"X-Origin, Referer, Origin,Accept-Encoding","server":"scaffolding on HTTPServer2","x-xss-protection":"0","x-frame-options":"SAMEORIGIN","x-content-type-options":"nosniff","alt-svc":"h3-29=\":443\"; ma=2592000,h3-T051=\":443\"; ma=2592000,h3-Q050=\":443\"; ma=2592000,h3-Q046=\":443\"; ma=2592000,h3-Q043=\":443\"; ma=2592000,quic=\":443\"; ma=2592000; v=\"46,43\"","accept-ranges":"none","transfer-encoding":"chunked"}
[debug] [2020-11-29T04:13:08.657Z] >>> HTTP REQUEST POST https://cloudresourcemanager.googleapis.com/v1/projects/yourgreensystem:testIamPermissions  
 {"permissions":["firebase.projects.get","firebasehosting.sites.update"]}
[debug] [2020-11-29T04:13:10.174Z] <<< HTTP RESPONSE 200 {"content-type":"application/json; charset=UTF-8","vary":"X-Origin, Referer, Origin,Accept-Encoding","date":"Sun, 29 Nov 2020 04:13:10 GMT","server":"ESF","cache-control":"private","x-xss-protection":"0","x-frame-options":"SAMEORIGIN","x-content-type-options":"nosniff","server-timing":"gfet4t7; dur=1137","alt-svc":"h3-29=\":443\"; ma=2592000,h3-T051=\":443\"; ma=2592000,h3-Q050=\":443\"; ma=2592000,h3-Q046=\":443\"; ma=2592000,h3-Q043=\":443\"; ma=2592000,quic=\":443\"; ma=2592000; v=\"46,43\"","accept-ranges":"none","transfer-encoding":"chunked"}
[debug] [2020-11-29T04:13:10.176Z] >>> HTTP REQUEST GET https://firebase.googleapis.com/v1beta1/projects/yourgreensystem  
 
[debug] [2020-11-29T04:13:10.552Z] <<< HTTP RESPONSE 200 {"content-type":"application/json; charset=UTF-8","vary":"X-Origin, Referer, Origin,Accept-Encoding","date":"Sun, 29 Nov 2020 04:13:10 GMT","server":"ESF","cache-control":"private","x-xss-protection":"0","x-frame-options":"SAMEORIGIN","x-content-type-options":"nosniff","alt-svc":"h3-29=\":443\"; ma=2592000,h3-T051=\":443\"; ma=2592000,h3-Q050=\":443\"; ma=2592000,h3-Q046=\":443\"; ma=2592000,h3-Q043=\":443\"; ma=2592000,quic=\":443\"; ma=2592000; v=\"46,43\"","accept-ranges":"none","transfer-encoding":"chunked"}
[info] 
[info] === Deploying to 'yourgreensystem'...
[info] 
[info] i  deploying hosting 
[debug] [2020-11-29T04:13:10.562Z] >>> HTTP REQUEST POST https://firebasehosting.googleapis.com/v1beta1/sites/yourgreensystem/versions  
 {"config":{"rewrites":[{"glob":"**","path":"/index.html"}]},"labels":{"deployment-tool":"cli-firebase"}}
[debug] [2020-11-29T04:13:12.739Z] <<< HTTP RESPONSE 200 {"content-type":"application/json; charset=UTF-8","vary":"X-Origin, Referer, Origin,Accept-Encoding","date":"Sun, 29 Nov 2020 04:13:12 GMT","server":"ESF","cache-control":"private","x-xss-protection":"0","x-frame-options":"SAMEORIGIN","x-content-type-options":"nosniff","alt-svc":"h3-29=\":443\"; ma=2592000,h3-T051=\":443\"; ma=2592000,h3-Q050=\":443\"; ma=2592000,h3-Q046=\":443\"; ma=2592000,h3-Q043=\":443\"; ma=2592000,quic=\":443\"; ma=2592000; v=\"46,43\"","accept-ranges":"none","transfer-encoding":"chunked"}
[info] i  hosting[yourgreensystem]: beginning deploy... 
[info] i  hosting[yourgreensystem]: found 36 files in dist 
[debug] [2020-11-29T04:13:13.424Z] [hosting] hash cache [ZGlzdA] stored for 36 files
[debug] [2020-11-29T04:13:13.424Z] [hosting][hash queue][FINAL] {"max":651,"min":14,"avg":40.083333333333336,"active":0,"complete":36,"success":36,"errored":0,"retried":0,"total":36,"elapsed":663}
[debug] [2020-11-29T04:13:13.424Z] >>> HTTP REQUEST POST https://firebasehosting.googleapis.com/v1beta1/sites/yourgreensystem/versions/7be7b65a8b6376d9:populateFiles  
 <request body omitted>
[debug] [2020-11-29T04:13:15.147Z] <<< HTTP RESPONSE 200 {"content-type":"application/json; charset=UTF-8","vary":"X-Origin, Referer, Origin,Accept-Encoding","date":"Sun, 29 Nov 2020 04:13:15 GMT","server":"ESF","cache-control":"private","x-xss-protection":"0","x-frame-options":"SAMEORIGIN","x-content-type-options":"nosniff","alt-svc":"h3-29=\":443\"; ma=2592000,h3-T051=\":443\"; ma=2592000,h3-Q050=\":443\"; ma=2592000,h3-Q046=\":443\"; ma=2592000,h3-Q043=\":443\"; ma=2592000,quic=\":443\"; ma=2592000; v=\"46,43\"","accept-ranges":"none","transfer-encoding":"chunked"}
[debug] [2020-11-29T04:13:15.150Z] [hosting][populate queue][FINAL] {"max":1726,"min":1726,"avg":1726,"active":0,"complete":1,"success":1,"errored":0,"retried":0,"total":1,"elapsed":1728}
[debug] [2020-11-29T04:13:15.150Z] [hosting] uploads queued: 5
